d:\project\usb_camera_with_cypress-master\usb2_camera_034 -2\release\qrc_mainwindow.obj
d:\project\usb_camera_with_cypress-master\usb2_camera_034 -2\release\qcustomplot.obj
d:\project\usb_camera_with_cypress-master\usb2_camera_034 -2\release\mygraphplot.obj
d:\project\usb_camera_with_cypress-master\usb2_camera_034 -2\release\mainwindow.obj
d:\project\usb_camera_with_cypress-master\usb2_camera_034 -2\release\main.obj
d:\project\usb_camera_with_cypress-master\usb2_camera_034 -2\release\imageprocess.obj
d:\project\usb_camera_with_cypress-master\usb2_camera_034 -2\release\imagemodel.obj
d:\project\usb_camera_with_cypress-master\usb2_camera_034 -2\release\imagefifo.obj
d:\project\usb_camera_with_cypress-master\usb2_camera_034 -2\release\eventlabel.obj
d:\project\usb_camera_with_cypress-master\usb2_camera_034 -2\release\cydevice.obj
d:\project\usb_camera_with_cypress-master\usb2_camera_034 -2\release\moc_qcustomplot.obj
d:\project\usb_camera_with_cypress-master\usb2_camera_034 -2\release\moc_mygraphplot.obj
d:\project\usb_camera_with_cypress-master\usb2_camera_034 -2\release\moc_mainwindow.obj
d:\project\usb_camera_with_cypress-master\usb2_camera_034 -2\release\moc_imageprocess.obj
d:\project\usb_camera_with_cypress-master\usb2_camera_034 -2\release\moc_imagemodel.obj
d:\project\usb_camera_with_cypress-master\usb2_camera_034 -2\release\moc_eventlabel.obj
d:\project\usb_camera_with_cypress-master\usb2_camera_034 -2\release\moc_cydevice.obj
d:\project\usb_camera_with_cypress-master\usb2_camera_034 -2\generatedfiles\release\moc_eventlabel.cpp
d:\project\usb_camera_with_cypress-master\usb2_camera_034 -2\generatedfiles\release\moc_qcustomplot.cpp
d:\project\usb_camera_with_cypress-master\usb2_camera_034 -2\generatedfiles\release\moc_imageprocess.cpp
d:\project\usb_camera_with_cypress-master\usb2_camera_034 -2\generatedfiles\release\moc_imagemodel.cpp
d:\project\usb_camera_with_cypress-master\usb2_camera_034 -2\generatedfiles\release\moc_cydevice.cpp
d:\project\usb_camera_with_cypress-master\usb2_camera_034 -2\generatedfiles\qrc_mainwindow.cpp
d:\project\usb_camera_with_cypress-master\usb2_camera_034 -2\generatedfiles\release\moc_mainwindow.cpp
d:\project\usb_camera_with_cypress-master\usb2_camera_034 -2\generatedfiles\release\moc_mygraphplot.cpp
d:\project\usb_camera_with_cypress-master\usb2_camera_034 -2\generatedfiles\ui_mainwindow.h
d:\project\usb_camera_with_cypress-master\usb2_camera_034 -2\win32\release\usb2_camera_034.exe
d:\project\usb_camera_with_cypress-master\usb2_camera_034 -2\release\camera.res
d:\project\usb_camera_with_cypress-master\usb2_camera_034 -2\release\usb2_camera_034.tlog\cl.command.1.tlog
d:\project\usb_camera_with_cypress-master\usb2_camera_034 -2\release\usb2_camera_034.tlog\cl.read.1.tlog
d:\project\usb_camera_with_cypress-master\usb2_camera_034 -2\release\usb2_camera_034.tlog\cl.write.1.tlog
d:\project\usb_camera_with_cypress-master\usb2_camera_034 -2\release\usb2_camera_034.tlog\custombuild.command.1.tlog
d:\project\usb_camera_with_cypress-master\usb2_camera_034 -2\release\usb2_camera_034.tlog\custombuild.read.1.tlog
d:\project\usb_camera_with_cypress-master\usb2_camera_034 -2\release\usb2_camera_034.tlog\custombuild.write.1.tlog
d:\project\usb_camera_with_cypress-master\usb2_camera_034 -2\release\usb2_camera_034.tlog\link.command.1.tlog
d:\project\usb_camera_with_cypress-master\usb2_camera_034 -2\release\usb2_camera_034.tlog\link.read.1.tlog
d:\project\usb_camera_with_cypress-master\usb2_camera_034 -2\release\usb2_camera_034.tlog\link.write.1.tlog
d:\project\usb_camera_with_cypress-master\usb2_camera_034 -2\release\usb2_camera_034.tlog\rc.command.1.tlog
d:\project\usb_camera_with_cypress-master\usb2_camera_034 -2\release\usb2_camera_034.tlog\rc.read.1.tlog
d:\project\usb_camera_with_cypress-master\usb2_camera_034 -2\release\usb2_camera_034.tlog\rc.write.1.tlog
