生成启动时间为 2017/11/1 20:45:39。
     1>项目“D:\camera\camera034\usb2_camera_034 -2\usb2_camera_034.vcxproj”在节点 2 上(Build 个目标)。
     1>C:\Program Files (x86)\MSBuild\Microsoft.Cpp\v4.0\V120\Microsoft.CppBuild.targets(935,5): warning MSB8027: Two or more files with the name of moc_cydevice.cpp will produce outputs to the same location. This can lead to an incorrect build result.  The files involved are GeneratedFiles\Debug\moc_cydevice.cpp, GeneratedFiles\Release\moc_cydevice.cpp.
     1>C:\Program Files (x86)\MSBuild\Microsoft.Cpp\v4.0\V120\Microsoft.CppBuild.targets(935,5): warning MSB8027: Two or more files with the name of moc_eventlabel.cpp will produce outputs to the same location. This can lead to an incorrect build result.  The files involved are GeneratedFiles\Debug\moc_eventlabel.cpp, GeneratedFiles\Release\moc_eventlabel.cpp.
     1>C:\Program Files (x86)\MSBuild\Microsoft.Cpp\v4.0\V120\Microsoft.CppBuild.targets(935,5): warning MSB8027: Two or more files with the name of moc_imagemodel.cpp will produce outputs to the same location. This can lead to an incorrect build result.  The files involved are GeneratedFiles\Debug\moc_imagemodel.cpp, GeneratedFiles\Release\moc_imagemodel.cpp.
     1>C:\Program Files (x86)\MSBuild\Microsoft.Cpp\v4.0\V120\Microsoft.CppBuild.targets(935,5): warning MSB8027: Two or more files with the name of moc_imageprocess.cpp will produce outputs to the same location. This can lead to an incorrect build result.  The files involved are GeneratedFiles\Debug\moc_imageprocess.cpp, GeneratedFiles\Release\moc_imageprocess.cpp.
     1>C:\Program Files (x86)\MSBuild\Microsoft.Cpp\v4.0\V120\Microsoft.CppBuild.targets(935,5): warning MSB8027: Two or more files with the name of moc_mainwindow.cpp will produce outputs to the same location. This can lead to an incorrect build result.  The files involved are GeneratedFiles\Debug\moc_mainwindow.cpp, GeneratedFiles\Release\moc_mainwindow.cpp.
     1>C:\Program Files (x86)\MSBuild\Microsoft.Cpp\v4.0\V120\Microsoft.CppBuild.targets(935,5): warning MSB8027: Two or more files with the name of moc_mygraphplot.cpp will produce outputs to the same location. This can lead to an incorrect build result.  The files involved are GeneratedFiles\Debug\moc_mygraphplot.cpp, GeneratedFiles\Release\moc_mygraphplot.cpp.
     1>C:\Program Files (x86)\MSBuild\Microsoft.Cpp\v4.0\V120\Microsoft.CppBuild.targets(935,5): warning MSB8027: Two or more files with the name of moc_qcustomplot.cpp will produce outputs to the same location. This can lead to an incorrect build result.  The files involved are GeneratedFiles\Debug\moc_qcustomplot.cpp, GeneratedFiles\Release\moc_qcustomplot.cpp.
     1>Link:
         C:\Program Files (x86)\Microsoft Visual Studio 12.0\VC\bin\link.exe /ERRORREPORT:PROMPT /OUT:"D:\camera\camera034\usb2_camera_034 -2\Win32\Debug\\usb2_camera_034.exe" /NOLOGO /LIBPATH:.\lib /LIBPATH:C:\qt\5.5\msvc2013\lib /LIBPATH:D:\software\opencv2.4.11\build\x86\vc12\lib setupapi.lib CyAPI.lib qtmaind.lib Qt5Cored.lib Qt5Guid.lib Qt5Widgetsd.lib Qt5Concurrentd.lib Qt5PrintSupportd.lib opencv_calib3d2411d.lib opencv_contrib2411d.lib opencv_core2411d.lib opencv_features2d2411d.lib opencv_flann2411d.lib opencv_gpu2411d.lib opencv_highgui2411d.lib opencv_imgproc2411d.lib opencv_legacy2411d.lib opencv_ml2411d.lib opencv_nonfree2411d.lib opencv_objdetect2411d.lib opencv_ocl2411d.lib opencv_photo2411d.lib opencv_stitching2411d.lib opencv_superres2411d.lib opencv_ts2411d.lib opencv_video2411d.lib opencv_videostab2411d.lib kernel32.lib user32.lib gdi32.lib winspool.lib comdlg32.lib advapi32.lib shell32.lib ole32.lib oleaut32.lib uuid.lib odbc32.lib odbccp32.lib /MANIFEST /MANIFESTUAC:"level='asInvoker' uiAccess='false'" /manifest:embed /DEBUG /PDB:"D:\camera\camera034\usb2_camera_034 -2\Win32\Debug\usb2_camera_034.pdb" /SUBSYSTEM:WINDOWS,"5.01" /TLBID:1 /DYNAMICBASE /NXCOMPAT /IMPLIB:"D:\camera\camera034\usb2_camera_034 -2\Win32\Debug\usb2_camera_034.lib" /MACHINE:X86 /SAFESEH /NODEFAULTLIB:"libcmt.lib" Debug\camera.res
         Debug\moc_cydevice.obj
         Debug\moc_eventlabel.obj
         Debug\moc_imagemodel.obj
         Debug\moc_imageprocess.obj
         Debug\moc_mainwindow.obj
         Debug\moc_mygraphplot.obj
         Debug\moc_qcustomplot.obj
         Debug\qrc_mainwindow.obj
         Debug\cydevice.obj
         Debug\eventlabel.obj
         Debug\imagefifo.obj
         Debug\imagemodel.obj
         Debug\imageprocess.obj
         Debug\main.obj
         Debug\mainwindow.obj
         Debug\mygraphplot.obj
         Debug\qcustomplot.obj
     1>LINK : fatal error LNK1104: 无法打开文件“opencv_calib3d2411d.lib”
     1>已完成生成项目“D:\camera\camera034\usb2_camera_034 -2\usb2_camera_034.vcxproj”(Build 个目标)的操作 - 失败。

生成失败。

已用时间 00:00:00.29
