d:\vs project\usb_camera_with_cypress-master\usb2_camera_034 -(2)\debug\vc120.pdb
d:\vs project\usb_camera_with_cypress-master\usb2_camera_034 -(2)\debug\qcustomplot.obj
d:\vs project\usb_camera_with_cypress-master\usb2_camera_034 -(2)\debug\mygraphplot.obj
d:\vs project\usb_camera_with_cypress-master\usb2_camera_034 -(2)\debug\mainwindow.obj
d:\vs project\usb_camera_with_cypress-master\usb2_camera_034 -(2)\debug\main.obj
d:\vs project\usb_camera_with_cypress-master\usb2_camera_034 -(2)\debug\imageprocess.obj
d:\vs project\usb_camera_with_cypress-master\usb2_camera_034 -(2)\debug\imagemodel.obj
d:\vs project\usb_camera_with_cypress-master\usb2_camera_034 -(2)\debug\imagefifo.obj
d:\vs project\usb_camera_with_cypress-master\usb2_camera_034 -(2)\debug\eventlabel.obj
d:\vs project\usb_camera_with_cypress-master\usb2_camera_034 -(2)\debug\cydevice.obj
d:\vs project\usb_camera_with_cypress-master\usb2_camera_034 -(2)\debug\moc_qcustomplot.obj
d:\vs project\usb_camera_with_cypress-master\usb2_camera_034 -(2)\debug\moc_mygraphplot.obj
d:\vs project\usb_camera_with_cypress-master\usb2_camera_034 -(2)\debug\moc_mainwindow.obj
d:\vs project\usb_camera_with_cypress-master\usb2_camera_034 -(2)\debug\moc_imageprocess.obj
d:\vs project\usb_camera_with_cypress-master\usb2_camera_034 -(2)\debug\moc_imagemodel.obj
d:\vs project\usb_camera_with_cypress-master\usb2_camera_034 -(2)\debug\moc_eventlabel.obj
d:\vs project\usb_camera_with_cypress-master\usb2_camera_034 -(2)\debug\moc_cydevice.obj
d:\vs project\usb_camera_with_cypress-master\usb2_camera_034 -(2)\debug\qrc_mainwindow.obj
d:\vs project\usb_camera_with_cypress-master\usb2_camera_034 -(2)\generatedfiles\debug\moc_qcustomplot.cpp
d:\vs project\usb_camera_with_cypress-master\usb2_camera_034 -(2)\generatedfiles\debug\moc_mainwindow.cpp
d:\vs project\usb_camera_with_cypress-master\usb2_camera_034 -(2)\generatedfiles\debug\moc_imageprocess.cpp
d:\vs project\usb_camera_with_cypress-master\usb2_camera_034 -(2)\generatedfiles\debug\moc_imagemodel.cpp
d:\vs project\usb_camera_with_cypress-master\usb2_camera_034 -(2)\generatedfiles\debug\moc_cydevice.cpp
d:\vs project\usb_camera_with_cypress-master\usb2_camera_034 -(2)\generatedfiles\qrc_mainwindow.cpp
d:\vs project\usb_camera_with_cypress-master\usb2_camera_034 -(2)\generatedfiles\ui_mainwindow.h
d:\vs project\usb_camera_with_cypress-master\usb2_camera_034 -(2)\generatedfiles\debug\moc_eventlabel.cpp
d:\vs project\usb_camera_with_cypress-master\usb2_camera_034 -(2)\generatedfiles\debug\moc_mygraphplot.cpp
d:\vs project\usb_camera_with_cypress-master\usb2_camera_034 -(2)\win32\debug\usb2_camera_034.ilk
d:\vs project\usb_camera_with_cypress-master\usb2_camera_034 -(2)\win32\debug\usb2_camera_034.exe
d:\vs project\usb_camera_with_cypress-master\usb2_camera_034 -(2)\win32\debug\usb2_camera_034.pdb
d:\vs project\usb_camera_with_cypress-master\usb2_camera_034 -(2)\debug\camera.res
d:\camera034\usb2_camera_034 -2\debug\cydevice.obj
d:\camera034\usb2_camera_034 -2\debug\eventlabel.obj
d:\camera034\usb2_camera_034 -2\debug\imagefifo.obj
d:\camera034\usb2_camera_034 -2\debug\imagemodel.obj
d:\camera034\usb2_camera_034 -2\debug\imageprocess.obj
d:\camera034\usb2_camera_034 -2\debug\main.obj
d:\camera034\usb2_camera_034 -2\debug\mainwindow.obj
d:\camera034\usb2_camera_034 -2\debug\moc_cydevice.obj
d:\camera034\usb2_camera_034 -2\debug\moc_eventlabel.obj
d:\camera034\usb2_camera_034 -2\debug\moc_imagemodel.obj
d:\camera034\usb2_camera_034 -2\debug\moc_imageprocess.obj
d:\camera034\usb2_camera_034 -2\debug\moc_mainwindow.obj
d:\camera034\usb2_camera_034 -2\debug\moc_mygraphplot.obj
d:\camera034\usb2_camera_034 -2\debug\moc_qcustomplot.obj
d:\camera034\usb2_camera_034 -2\debug\mygraphplot.obj
d:\camera034\usb2_camera_034 -2\debug\qcustomplot.obj
d:\camera034\usb2_camera_034 -2\debug\qrc_mainwindow.obj
d:\camera034\usb2_camera_034 -2\debug\camera.res
d:\camera034\usb2_camera_034 -2\debug\vc120.pdb
d:\camera034\usb2_camera_034 -2\win32\debug\usb2_camera_034.pdb
d:\camera034\usb2_camera_034 -2\win32\debug\usb2_camera_034.exe
d:\camera034\usb2_camera_034 -2\win32\debug\usb2_camera_034.ilk
d:\camera034\usb2_camera_034 -2\debug\usb2_camera_034.tlog\cl.command.1.tlog
d:\camera034\usb2_camera_034 -2\debug\usb2_camera_034.tlog\cl.read.1.tlog
d:\camera034\usb2_camera_034 -2\debug\usb2_camera_034.tlog\cl.write.1.tlog
d:\camera034\usb2_camera_034 -2\debug\usb2_camera_034.tlog\custombuild.command.1.tlog
d:\camera034\usb2_camera_034 -2\debug\usb2_camera_034.tlog\custombuild.read.1.tlog
d:\camera034\usb2_camera_034 -2\debug\usb2_camera_034.tlog\custombuild.write.1.tlog
d:\camera034\usb2_camera_034 -2\debug\usb2_camera_034.tlog\link.command.1.tlog
d:\camera034\usb2_camera_034 -2\debug\usb2_camera_034.tlog\link.read.1.tlog
d:\camera034\usb2_camera_034 -2\debug\usb2_camera_034.tlog\link.write.1.tlog
d:\camera034\usb2_camera_034 -2\debug\usb2_camera_034.tlog\rc.command.1.tlog
d:\camera034\usb2_camera_034 -2\debug\usb2_camera_034.tlog\rc.read.1.tlog
d:\camera034\usb2_camera_034 -2\debug\usb2_camera_034.tlog\rc.write.1.tlog
