生成启动时间为 2017/3/3 13:57:12。
     1>项目“D:\project\usb_camera_with_Cypress-master\usb2_camera_034 - 副本\usb2_camera_034.vcxproj”在节点 2 上(Build 个目标)。
     1>CustomBuild:
         Uic'ing mainwindow.ui...
       ClCompile:
         D:\visual studio\VC\bin\CL.exe /c /I.\inc\third_party /I.\inc /I.\GeneratedFiles /I. /ID:\Qt\Qt5.5.0\5.5\msvc2013\include /I.\GeneratedFiles\Release /ID:\Qt\Qt5.5.0\5.5\msvc2013\include\QtCore /ID:\Qt\Qt5.5.0\5.5\msvc2013\include\QtGui /ID:\Qt\Qt5.5.0\5.5\msvc2013\include\QtWidgets /ID:\Qt\Qt5.5.0\5.5\msvc2013\include\QtConcurrent /ID:\software\opencv2.4.11\build\include /nologo /W1 /WX- /O2 /Oy- /D UNICODE /D WIN32 /D WIN64 /D QT_DLL /D QT_NO_DEBUG /D NDEBUG /D QT_CORE_LIB /D QT_GUI_LIB /D QT_WIDGETS_LIB /D QT_CONCURRENT_LIB /D _USING_V110_SDK71_ /Gm- /EHsc /MD /GS /fp:precise /Zc:wchar_t /Zc:forScope /Fo"Release\\" /Fd"Release\vc120.pdb" /Gd /TP /analyze- /errorReport:prompt GeneratedFiles\Release\moc_mainwindow.cpp src\main.cpp src\mainwindow.cpp
         moc_mainwindow.cpp
         main.cpp
         mainwindow.cpp
         正在生成代码...
       Link:
         D:\visual studio\VC\bin\link.exe /ERRORREPORT:PROMPT /OUT:"D:\project\usb_camera_with_Cypress-master\usb2_camera_034 - 副本\Win32\Release\\usb2_camera_034.exe" /NOLOGO /LIBPATH:.\lib /LIBPATH:D:\Qt\Qt5.5.0\5.5\msvc2013\lib /LIBPATH:D:\software\opencv2.4.11\build\x86\vc12\lib setupapi.lib CyAPI.lib qtmain.lib Qt5Core.lib Qt5Gui.lib Qt5Widgets.lib Qt5Concurrent.lib opencv_calib3d2411.lib opencv_contrib2411.lib opencv_core2411.lib opencv_features2d2411.lib opencv_flann2411.lib opencv_gpu2411.lib opencv_highgui2411.lib opencv_imgproc2411.lib opencv_legacy2411.lib opencv_ml2411.lib opencv_nonfree2411.lib opencv_objdetect2411.lib opencv_ocl2411.lib opencv_photo2411.lib opencv_stitching2411.lib opencv_superres2411.lib opencv_ts2411.lib opencv_video2411.lib opencv_videostab2411.lib kernel32.lib user32.lib gdi32.lib winspool.lib comdlg32.lib advapi32.lib shell32.lib ole32.lib oleaut32.lib uuid.lib odbc32.lib odbccp32.lib /MANIFEST /MANIFESTUAC:"level='asInvoker' uiAccess='false'" /manifest:embed /PDB:"D:\project\usb_camera_with_Cypress-master\usb2_camera_034 - 副本\Win32\Release\usb2_camera_034.pdb" /SUBSYSTEM:WINDOWS,"5.01" /TLBID:1 /DYNAMICBASE /NXCOMPAT /IMPLIB:"D:\project\usb_camera_with_Cypress-master\usb2_camera_034 - 副本\Win32\Release\usb2_camera_034.lib" /MACHINE:X86 /SAFESEH /NODEFAULTLIB:"libcmt.lib" Release\camera.res
         Release\qrc_mainwindow.obj
         Release\moc_cydevice.obj
         Release\moc_imagemodel.obj
         Release\moc_imageprocess.obj
         Release\moc_mainwindow.obj
         Release\cydevice.obj
         Release\imagefifo.obj
         Release\imagemodel.obj
         Release\imageprocess.obj
         Release\main.obj
         Release\mainwindow.obj
         usb2_camera_034.vcxproj -> D:\project\usb_camera_with_Cypress-master\usb2_camera_034 - 副本\Win32\Release\usb2_camera_034.exe
     1>已完成生成项目“D:\project\usb_camera_with_Cypress-master\usb2_camera_034 - 副本\usb2_camera_034.vcxproj”(Build 个目标)的操作。

生成成功。

已用时间 00:00:06.79
