生成启动时间为 2017/9/5 21:00:13。
     1>项目“D:\camera034\usb2_camera_034 - 0\usb2_camera_034.vcxproj”在节点 2 上(Rebuild 个目标)。
     1>CustomBuild:
         Moc'ing mainwindow.h...
         Rcc'ing mainwindow.qrc...
         Uic'ing mainwindow.ui...
     1>C:\Program Files (x86)\MSBuild\Microsoft.Cpp\v4.0\V120\Microsoft.CppBuild.targets(935,5): warning MSB8027: Two or more files with the name of moc_mainwindow.cpp will produce outputs to the same location. This can lead to an incorrect build result.  The files involved are GeneratedFiles\Debug\moc_mainwindow.cpp, GeneratedFiles\Release\moc_mainwindow.cpp.
       ClCompile:
         C:\Program Files (x86)\Microsoft Visual Studio 12.0\VC\bin\CL.exe /c /I"C:\Program Files\opencv\opencv\build\include" /I.\inc\third_party /I.\inc /I.\GeneratedFiles /I. /IC:\qt\5.5\msvc2013\include /I.\GeneratedFiles\Debug /IC:\qt\5.5\msvc2013\include\QtCore /IC:\qt\5.5\msvc2013\include\QtGui /IC:\qt\5.5\msvc2013\include\QtWidgets /IC:\qt\5.5\msvc2013\include\QtConcurrent /ID:\software\opencv2.4.11\build\include /Zi /nologo /W1 /WX- /Od /Oy- /D UNICODE /D WIN32 /D WIN64 /D QT_DLL /D QT_CORE_LIB /D QT_GUI_LIB /D QT_WIDGETS_LIB /D QT_CONCURRENT_LIB /D _USING_V110_SDK71_ /Gm- /EHsc /MDd /GS /fp:precise /Zc:wchar_t /Zc:forScope /Fo"Debug\\" /Fd"Debug\vc120.pdb" /Gd /TP /analyze- /errorReport:prompt GeneratedFiles\Debug\moc_mainwindow.cpp src\cydevice.cpp src\imagefifo.cpp src\imagemodel.cpp src\imageprocess.cpp src\main.cpp src\mainwindow.cpp
         moc_mainwindow.cpp
         cydevice.cpp
         imagefifo.cpp
         imagemodel.cpp
     1>C:\qt\5.5\msvc2013\include\QtCore/qobject.h(220): error C2338: No Q_OBJECT in the class with the signal
                 src\imagemodel.cpp(27): 参见对正在编译的函数 模板 实例化“QMetaObject::Connection QObject::connect<void(__thiscall ImageModel::* )(int,int,int,long,int,int),void(__thiscall CyDevice::* )(int,int,int,LONG,int,int)>(const ImageModel *,Func1,const CyDevice *,Func2,Qt::ConnectionType)”的引用
                 with
                 [
                     Func1=void (__thiscall ImageModel::* )(int,int,int,long,int,int)
         ,            Func2=void (__thiscall CyDevice::* )(int,int,int,LONG,int,int)
                 ]
         imageprocess.cpp
         main.cpp
         mainwindow.cpp
         正在生成代码...
     1>已完成生成项目“D:\camera034\usb2_camera_034 - 0\usb2_camera_034.vcxproj”(Rebuild 个目标)的操作 - 失败。

生成失败。

已用时间 00:00:14.69
