d:\camera034\usb2_camera_034 - 副本\debug\vc120.pdb
d:\camera034\usb2_camera_034 - 副本\debug\mainwindow.obj
d:\camera034\usb2_camera_034 - 副本\debug\main.obj
d:\camera034\usb2_camera_034 - 副本\debug\imageprocess.obj
d:\camera034\usb2_camera_034 - 副本\debug\imagefifo.obj
d:\camera034\usb2_camera_034 - 副本\debug\cydevice.obj
d:\camera034\usb2_camera_034 - 副本\debug\moc_mainwindow.obj
d:\camera034\usb2_camera_034 - 0\debug\vc120.pdb
d:\camera034\usb2_camera_034 - 0\debug\mainwindow.obj
d:\camera034\usb2_camera_034 - 0\debug\main.obj
d:\camera034\usb2_camera_034 - 0\debug\imageprocess.obj
d:\camera034\usb2_camera_034 - 0\debug\imagefifo.obj
d:\camera034\usb2_camera_034 - 0\debug\cydevice.obj
d:\camera034\usb2_camera_034 - 0\debug\moc_mainwindow.obj
d:\camera034\usb2_camera_034 - 副本\generatedfiles\debug\moc_mainwindow.cpp
d:\camera034\usb2_camera_034 - 副本\generatedfiles\qrc_mainwindow.cpp
d:\camera034\usb2_camera_034 - 副本\generatedfiles\ui_mainwindow.h
d:\camera034\usb2_camera_034 - 0\generatedfiles\debug\moc_mainwindow.cpp
d:\camera034\usb2_camera_034 - 0\generatedfiles\qrc_mainwindow.cpp
d:\camera034\usb2_camera_034 - 0\generatedfiles\ui_mainwindow.h
d:\camera034\usb2_camera_034 - 0\debug\usb2_camera_034.tlog\cl.command.1.tlog
d:\camera034\usb2_camera_034 - 0\debug\usb2_camera_034.tlog\cl.read.1.tlog
d:\camera034\usb2_camera_034 - 0\debug\usb2_camera_034.tlog\cl.write.1.tlog
d:\camera034\usb2_camera_034 - 0\debug\usb2_camera_034.tlog\custombuild.command.1.tlog
d:\camera034\usb2_camera_034 - 0\debug\usb2_camera_034.tlog\custombuild.read.1.tlog
d:\camera034\usb2_camera_034 - 0\debug\usb2_camera_034.tlog\custombuild.write.1.tlog
